15:12:35.671 [main] INFO  AppAccount - Started 'Geldbeträge'
15:12:35.683 [main] DEBUG Account - Scale is set to 100 and displacement is set to 0
15:12:35.695 [main] DEBUG AppAccount - Value is 2.0
15:12:35.696 [main] INFO  AppAccount - Die ganze Zahl dazu: 200
15:12:35.697 [main] INFO  Account - Calling multiply-method'
15:12:35.701 [main] DEBUG Account - 300 = (100 * 3.0) - 0
15:12:35.704 [main] DEBUG Account - Calculate 200 * (300.0 / 100)
15:12:35.704 [main] INFO  Account - Returned value is: 600
15:12:35.705 [main] INFO  AppAccount - Multiply 2.0 and 3.0
15:12:35.706 [main] DEBUG AppAccount - Value is 6.0
15:12:35.706 [main] INFO  AppAccount - Value as number: 600
15:12:35.706 [main] DEBUG AppAccount - Value is 1.0
15:12:35.706 [main] INFO  AppAccount - Value as number: 100
15:12:35.707 [main] INFO  Account - Calling multiply-method'
15:12:35.707 [main] DEBUG Account - 200 = (100 * 2.0) - 0
15:12:35.707 [main] DEBUG Account - Calculate 100 * (200.0 / 100)
15:12:35.707 [main] INFO  Account - Returned value is: 200
15:12:35.707 [main] INFO  AppAccount - Multiply 1.0 und 2.0
15:12:35.707 [main] DEBUG AppAccount - Value is 2.0
15:12:35.708 [main] INFO  AppAccount - Value as number: 200
15:23:28.627 [main] INFO  AppAccount - Started 'Geldbeträge'
15:23:28.646 [main] DEBUG Account - Scale is set to 100 and displacement is set to 0
15:23:28.646 [main] DEBUG Account - Scale is set to 100 and displacement is set to 0
15:23:28.650 [main] DEBUG Account - Get the value by calculating 200 + 0 / 100.0
15:23:28.661 [main] DEBUG Account - Get the value by calculating 200 + 0 / 100.0
15:23:28.662 [main] DEBUG AppAccount - Value is 2.0
15:23:28.663 [main] INFO  AppAccount - Value as number: 200
15:23:28.664 [main] INFO  Account - Calling 'multiply-method'
15:23:28.664 [main] DEBUG Account - Scale is set to 100 and displacement is set to 0
15:23:28.669 [main] DEBUG Account - 300 = (100 * 3.0) - 0 and prepare for next function
15:23:28.673 [main] DEBUG Account - Calculate 200 * (300.0 / 100)
15:23:28.673 [main] INFO  Account - Returned value is: 600
15:23:28.675 [main] INFO  AppAccount - Multiply 2.0 and 3.0
15:23:28.675 [main] DEBUG Account - Get the value by calculating 600 + 0 / 100.0
15:23:28.675 [main] DEBUG Account - Get the value by calculating 600 + 0 / 100.0
15:23:28.675 [main] DEBUG AppAccount - Value is 6.0
15:23:28.676 [main] INFO  AppAccount - Value as number: 600
15:23:28.676 [main] DEBUG Account - Get the value by calculating 100 + 0 / 100.0
15:23:28.676 [main] DEBUG Account - Get the value by calculating 100 + 0 / 100.0
15:23:28.676 [main] DEBUG AppAccount - Value is 1.0
15:23:28.677 [main] INFO  AppAccount - Value as number: 100
15:23:28.677 [main] INFO  Account - Calling 'multiply-method'
15:23:28.677 [main] DEBUG Account - Scale is set to 100 and displacement is set to 0
15:23:28.677 [main] DEBUG Account - 200 = (100 * 2.0) - 0 and prepare for next function
15:23:28.677 [main] DEBUG Account - Calculate 100 * (200.0 / 100)
15:23:28.677 [main] INFO  Account - Returned value is: 200
15:23:28.677 [main] INFO  AppAccount - Multiply 1.0 und 2.0
15:23:28.677 [main] DEBUG Account - Get the value by calculating 200 + 0 / 100.0
15:23:28.678 [main] DEBUG Account - Get the value by calculating 200 + 0 / 100.0
15:23:28.678 [main] DEBUG AppAccount - Value is 2.0
15:23:28.678 [main] INFO  AppAccount - Value as number: 200
15:24:28.553 [main] INFO  AppAccount - Started 'Geldbeträge'
15:24:28.566 [main] DEBUG Account - Scale is set to 100 and displacement is set to 0
15:24:28.570 [main] DEBUG Account - Get the value by calculating 200 + 0 / 100.0
15:24:28.580 [main] DEBUG Account - Get the value by calculating 200 + 0 / 100.0
15:24:28.581 [main] DEBUG AppAccount - Value is 2.0
15:24:28.582 [main] INFO  AppAccount - Value as number: 200
15:24:28.582 [main] INFO  Account - Calling 'multiply-method'
15:24:28.582 [main] DEBUG Account - Scale is set to 100 and displacement is set to 0
15:24:28.586 [main] DEBUG Account - 300 = (100 * 3.0) - 0 and prepare for next function
15:24:28.589 [main] DEBUG Account - Calculate 200 * (300.0 / 100)
15:24:28.589 [main] INFO  Account - Returned value is: 600
15:24:28.590 [main] INFO  AppAccount - Multiply 2.0 and 3.0
15:24:28.590 [main] DEBUG Account - Get the value by calculating 600 + 0 / 100.0
15:24:28.590 [main] DEBUG Account - Get the value by calculating 600 + 0 / 100.0
15:24:28.590 [main] DEBUG AppAccount - Value is 6.0
15:24:28.590 [main] INFO  AppAccount - Value as number: 600
15:24:28.590 [main] DEBUG Account - Get the value by calculating 100 + 0 / 100.0
15:24:28.591 [main] DEBUG Account - Get the value by calculating 100 + 0 / 100.0
15:24:28.591 [main] DEBUG AppAccount - Value is 1.0
15:24:28.591 [main] INFO  AppAccount - Value as number: 100
15:24:28.591 [main] INFO  Account - Calling 'multiply-method'
15:24:28.591 [main] DEBUG Account - Scale is set to 100 and displacement is set to 0
15:24:28.591 [main] DEBUG Account - 200 = (100 * 2.0) - 0 and prepare for next function
15:24:28.591 [main] DEBUG Account - Calculate 100 * (200.0 / 100)
15:24:28.591 [main] INFO  Account - Returned value is: 200
15:24:28.591 [main] INFO  AppAccount - Multiply 1.0 und 2.0
15:24:28.591 [main] DEBUG Account - Get the value by calculating 200 + 0 / 100.0
15:24:28.591 [main] DEBUG Account - Get the value by calculating 200 + 0 / 100.0
15:24:28.592 [main] DEBUG AppAccount - Value is 2.0
15:24:28.592 [main] INFO  AppAccount - Value as number: 200
15:26:35.462 [main] INFO  AppAccount - Started 'Geldbeträge'
15:26:35.476 [main] DEBUG Account - Scale is set to 100 and displacement is set to 0
15:26:35.488 [main] DEBUG AppAccount - Value is 2.0
15:26:35.491 [main] DEBUG AppAccount - Get the value by calculating 200 + 0 / 100
15:26:35.492 [main] INFO  AppAccount - Value as number: 200
15:26:35.492 [main] INFO  Account - Calling 'multiply-method'
15:26:35.492 [main] DEBUG Account - Scale is set to 100 and displacement is set to 0
15:26:35.496 [main] DEBUG Account - 300 = (100 * 3.0) - 0 and prepare for next function
15:26:35.499 [main] DEBUG Account - Calculate 200 * (300.0 / 100)
15:26:35.499 [main] INFO  Account - Returned value is: 600
15:26:35.500 [main] INFO  AppAccount - Multiply 2.0 and 3.0
15:26:35.500 [main] DEBUG AppAccount - Value is 6.0
15:26:35.500 [main] DEBUG AppAccount - Get the value by calculating 600 + 0 / 100
15:26:35.500 [main] INFO  AppAccount - Value as number: 600
15:26:35.501 [main] DEBUG AppAccount - Value is 1.0
15:26:35.501 [main] DEBUG AppAccount - Get the value by calculating 100 + 0 / 100
15:26:35.501 [main] INFO  AppAccount - Value as number: 100
15:26:35.501 [main] INFO  Account - Calling 'multiply-method'
15:26:35.501 [main] DEBUG Account - Scale is set to 100 and displacement is set to 0
15:26:35.501 [main] DEBUG Account - 200 = (100 * 2.0) - 0 and prepare for next function
15:26:35.501 [main] DEBUG Account - Calculate 100 * (200.0 / 100)
15:26:35.501 [main] INFO  Account - Returned value is: 200
15:26:35.501 [main] INFO  AppAccount - Multiply 1.0 und 2.0
15:26:35.502 [main] DEBUG AppAccount - Value is 2.0
15:26:35.502 [main] DEBUG AppAccount - Get the value by calculating 200 + 0 / 100
15:26:35.502 [main] INFO  AppAccount - Value as number: 200
15:32:22.900 [main] INFO  AppAccount - Started 'Geldbeträge'
15:32:22.923 [main] DEBUG Account - 0 = (100 * 1.0) - 0 and prepare for next function
15:32:22.925 [main] DEBUG Account - Scale is set to 100 and displacement is set to 0
15:32:22.926 [main] DEBUG Account - 100 = (100 * 2.0) - 0 and prepare for next function
15:32:22.937 [main] DEBUG AppAccount - Value is 2.0
15:32:22.940 [main] DEBUG AppAccount - Get the value by calculating 200 + 0 / 100
15:32:22.941 [main] INFO  AppAccount - Value as number: 200
15:32:22.941 [main] INFO  Account - Calling 'multiply-method'
15:32:22.941 [main] DEBUG Account - 0 = (100 * 3.0) - 0 and prepare for next function
15:32:22.941 [main] DEBUG Account - Scale is set to 100 and displacement is set to 0
15:32:22.944 [main] DEBUG Account - Calculate 200 * (300.0 / 100)
15:32:22.944 [main] INFO  Account - Returned value is: 600
15:32:22.945 [main] INFO  AppAccount - Multiply 2.0 and 3.0
15:32:22.945 [main] DEBUG AppAccount - Value is 6.0
15:32:22.945 [main] DEBUG AppAccount - Get the value by calculating 600 + 0 / 100
15:32:22.945 [main] INFO  AppAccount - Value as number: 600
15:32:22.946 [main] DEBUG Account - 600 = (100 * 1.0) - 0 and prepare for next function
15:32:22.946 [main] DEBUG AppAccount - Value is 1.0
15:32:22.946 [main] DEBUG AppAccount - Get the value by calculating 100 + 0 / 100
15:32:22.946 [main] INFO  AppAccount - Value as number: 100
15:32:22.946 [main] INFO  Account - Calling 'multiply-method'
15:32:22.946 [main] DEBUG Account - 0 = (100 * 2.0) - 0 and prepare for next function
15:32:22.946 [main] DEBUG Account - Scale is set to 100 and displacement is set to 0
15:32:22.946 [main] DEBUG Account - Calculate 100 * (200.0 / 100)
15:32:22.946 [main] INFO  Account - Returned value is: 200
15:32:22.946 [main] INFO  AppAccount - Multiply 1.0 und 2.0
15:32:22.947 [main] DEBUG AppAccount - Value is 2.0
15:32:22.947 [main] DEBUG AppAccount - Get the value by calculating 200 + 0 / 100
15:32:22.947 [main] INFO  AppAccount - Value as number: 200
15:33:03.321 [main] INFO  AppAccount - Started 'Geldbeträge'
15:33:03.345 [main] DEBUG Account - 100 = (100 * 1.0) - 0 and prepare for next function
15:33:03.347 [main] DEBUG Account - Scale is set to 100 and displacement is set to 0
15:33:03.347 [main] DEBUG Account - 200 = (100 * 2.0) - 0 and prepare for next function
15:33:03.360 [main] DEBUG AppAccount - Value is 2.0
15:33:03.362 [main] DEBUG AppAccount - Get the value by calculating 200 + 0 / 100
15:33:03.363 [main] INFO  AppAccount - Value as number: 200
15:33:03.364 [main] INFO  Account - Calling 'multiply-method'
15:33:03.364 [main] DEBUG Account - 300 = (100 * 3.0) - 0 and prepare for next function
15:33:03.364 [main] DEBUG Account - Scale is set to 100 and displacement is set to 0
15:33:03.367 [main] DEBUG Account - Calculate 200 * (300.0 / 100)
15:33:03.368 [main] INFO  Account - Returned value is: 600
15:33:03.369 [main] INFO  AppAccount - Multiply 2.0 and 3.0
15:33:03.370 [main] DEBUG AppAccount - Value is 6.0
15:33:03.370 [main] DEBUG AppAccount - Get the value by calculating 600 + 0 / 100
15:33:03.370 [main] INFO  AppAccount - Value as number: 600
15:33:03.370 [main] DEBUG Account - 100 = (100 * 1.0) - 0 and prepare for next function
15:33:03.371 [main] DEBUG AppAccount - Value is 1.0
15:33:03.371 [main] DEBUG AppAccount - Get the value by calculating 100 + 0 / 100
15:33:03.371 [main] INFO  AppAccount - Value as number: 100
15:33:03.371 [main] INFO  Account - Calling 'multiply-method'
15:33:03.371 [main] DEBUG Account - 200 = (100 * 2.0) - 0 and prepare for next function
15:33:03.371 [main] DEBUG Account - Scale is set to 100 and displacement is set to 0
15:33:03.371 [main] DEBUG Account - Calculate 100 * (200.0 / 100)
15:33:03.371 [main] INFO  Account - Returned value is: 200
15:33:03.372 [main] INFO  AppAccount - Multiply 1.0 und 2.0
15:33:03.372 [main] DEBUG AppAccount - Value is 2.0
15:33:03.372 [main] DEBUG AppAccount - Get the value by calculating 200 + 0 / 100
15:33:03.372 [main] INFO  AppAccount - Value as number: 200
